<?xml version="1.0" encoding="UTF-8"?>
<coverage generated="1334750583">
  <project timestamp="1334750583">
    <file name="/srv/git/gignite/modules/vendor/the-cure/classes/collection.php">
      <class name="Collection" namespace="global" fullPackage="Beautiful.Beautiful" category="Collection" package="Beautiful" subpackage="Beautiful">
        <metrics methods="9" coveredmethods="9" conditionals="0" coveredconditionals="0" statements="15" coveredstatements="15" elements="24" coveredelements="24"/>
      </class>
      <line num="20" type="method" name="__construct" crap="1" count="2"/>
      <line num="22" type="stmt" count="2"/>
      <line num="23" type="stmt" count="2"/>
      <line num="24" type="stmt" count="2"/>
      <line num="26" type="method" name="collection" crap="1" count="9"/>
      <line num="28" type="stmt" count="9"/>
      <line num="31" type="method" name="as_array" crap="1" count="2"/>
      <line num="33" type="stmt" count="2"/>
      <line num="36" type="method" name="current" crap="1" count="2"/>
      <line num="38" type="stmt" count="2"/>
      <line num="41" type="method" name="key" crap="1" count="4"/>
      <line num="43" type="stmt" count="4"/>
      <line num="46" type="method" name="next" crap="1" count="3"/>
      <line num="48" type="stmt" count="3"/>
      <line num="49" type="stmt" count="3"/>
      <line num="50" type="stmt" count="3"/>
      <line num="52" type="method" name="valid" crap="1" count="2"/>
      <line num="54" type="stmt" count="2"/>
      <line num="57" type="method" name="rewind" crap="1" count="3"/>
      <line num="59" type="stmt" count="3"/>
      <line num="60" type="stmt" count="3"/>
      <line num="61" type="stmt" count="3"/>
      <line num="63" type="method" name="count" crap="1" count="1"/>
      <line num="65" type="stmt" count="1"/>
      <line num="68" type="stmt" count="1"/>
      <metrics loc="67" ncloc="55" classes="1" methods="9" coveredmethods="9" conditionals="0" coveredconditionals="0" statements="15" coveredstatements="15" elements="24" coveredelements="24"/>
    </file>
    <file name="/srv/git/gignite/modules/vendor/the-cure/classes/collection/iterable.php">
      <class name="Collection_Iterable" namespace="global" fullPackage="Beautiful.Beautiful" category="Collection" package="Beautiful" subpackage="Beautiful">
        <metrics methods="6" coveredmethods="6" conditionals="0" coveredconditionals="0" statements="8" coveredstatements="8" elements="14" coveredelements="14"/>
      </class>
      <line num="17" type="method" name="current" crap="1" count="3"/>
      <line num="19" type="stmt" count="3"/>
      <line num="22" type="method" name="key" crap="1" count="6"/>
      <line num="24" type="stmt" count="6"/>
      <line num="27" type="method" name="next" crap="1" count="3"/>
      <line num="29" type="stmt" count="3"/>
      <line num="30" type="stmt" count="3"/>
      <line num="32" type="method" name="valid" crap="1" count="2"/>
      <line num="34" type="stmt" count="2"/>
      <line num="37" type="method" name="rewind" crap="1" count="3"/>
      <line num="39" type="stmt" count="3"/>
      <line num="40" type="stmt" count="3"/>
      <line num="42" type="method" name="count" crap="1" count="1"/>
      <line num="44" type="stmt" count="1"/>
      <line num="47" type="stmt" count="1"/>
      <metrics loc="46" ncloc="33" classes="1" methods="6" coveredmethods="6" conditionals="0" coveredconditionals="0" statements="8" coveredstatements="8" elements="14" coveredelements="14"/>
    </file>
    <file name="/srv/git/gignite/modules/vendor/the-cure/classes/collection/model.php">
      <class name="Collection_Model" namespace="global" fullPackage="Beautiful.Beautiful" category="Collection" package="Beautiful" subpackage="Beautiful">
        <metrics methods="4" coveredmethods="4" conditionals="0" coveredconditionals="0" statements="15" coveredstatements="15" elements="19" coveredelements="19"/>
      </class>
      <line num="0" type="stmt" count="1"/>
      <line num="21" type="method" name="__construct" crap="1" count="1"/>
      <line num="23" type="stmt" count="1"/>
      <line num="24" type="stmt" count="1"/>
      <line num="25" type="stmt" count="1"/>
      <line num="26" type="stmt" count="1"/>
      <line num="28" type="method" name="identities" crap="1" count="3"/>
      <line num="30" type="stmt" count="3"/>
      <line num="33" type="method" name="class_name" crap="1" count="3"/>
      <line num="35" type="stmt" count="3"/>
      <line num="38" type="method" name="current" crap="2" count="3"/>
      <line num="40" type="stmt" count="3"/>
      <line num="41" type="stmt" count="3"/>
      <line num="43" type="stmt" count="3"/>
      <line num="44" type="stmt" count="3"/>
      <line num="46" type="stmt" count="2"/>
      <line num="49" type="stmt" count="2"/>
      <line num="50" type="stmt" count="2"/>
      <line num="52" type="stmt" count="2"/>
      <line num="55" type="stmt" count="3"/>
      <line num="58" type="stmt" count="1"/>
      <metrics loc="57" ncloc="42" classes="1" methods="4" coveredmethods="4" conditionals="0" coveredconditionals="0" statements="15" coveredstatements="15" elements="19" coveredelements="19"/>
    </file>
    <file name="/srv/git/gignite/modules/vendor/the-cure/classes/connection.php">
      <line num="3" type="stmt" count="0"/>
      <line num="7" type="stmt" count="0"/>
      <metrics loc="6" ncloc="6" classes="0" methods="0" coveredmethods="0" conditionals="0" coveredconditionals="0" statements="1" coveredstatements="0" elements="1" coveredelements="0"/>
    </file>
    <file name="/srv/git/gignite/modules/vendor/the-cure/classes/connection/mongo.php">
      <class name="Connection_Mongo" namespace="global" fullPackage="Connection">
        <metrics methods="3" coveredmethods="0" conditionals="0" coveredconditionals="0" statements="9" coveredstatements="0" elements="12" coveredelements="0"/>
      </class>
      <line num="5" type="method" name="__construct" crap="2" count="0"/>
      <line num="7" type="stmt" count="0"/>
      <line num="8" type="stmt" count="0"/>
      <line num="10" type="method" name="config" crap="6" count="0"/>
      <line num="12" type="stmt" count="0"/>
      <line num="13" type="stmt" count="0"/>
      <line num="14" type="stmt" count="0"/>
      <line num="17" type="stmt" count="0"/>
      <line num="20" type="method" name="connect" crap="2" count="0"/>
      <line num="22" type="stmt" count="0"/>
      <line num="23" type="stmt" count="0"/>
      <line num="24" type="stmt" count="0"/>
      <line num="27" type="stmt" count="0"/>
      <metrics loc="26" ncloc="26" classes="1" methods="3" coveredmethods="0" conditionals="0" coveredconditionals="0" statements="9" coveredstatements="0" elements="12" coveredelements="0"/>
    </file>
    <file name="/srv/git/gignite/modules/vendor/the-cure/classes/identitymap.php">
      <class name="IdentityMap" namespace="global" fullPackage="Beautiful.Beautiful" category="IdentityMap" package="Beautiful" subpackage="Beautiful">
        <metrics methods="6" coveredmethods="6" conditionals="0" coveredconditionals="0" statements="10" coveredstatements="10" elements="16" coveredelements="16"/>
      </class>
      <line num="20" type="method" name="extract_identity_from_object" crap="1" count="4"/>
      <line num="22" type="stmt" count="4"/>
      <line num="25" type="method" name="extract_identity" crap="1" count="4"/>
      <line num="27" type="stmt" count="4"/>
      <line num="30" type="method" name="has" crap="1" count="2"/>
      <line num="32" type="stmt" count="2"/>
      <line num="35" type="method" name="get" crap="1" count="4"/>
      <line num="37" type="stmt" count="4"/>
      <line num="40" type="method" name="set" crap="1" count="3"/>
      <line num="42" type="stmt" count="3"/>
      <line num="43" type="stmt" count="3"/>
      <line num="44" type="stmt" count="3"/>
      <line num="46" type="method" name="delete" crap="1" count="1"/>
      <line num="48" type="stmt" count="1"/>
      <line num="49" type="stmt" count="1"/>
      <line num="50" type="stmt" count="1"/>
      <line num="52" type="stmt" count="1"/>
      <metrics loc="51" ncloc="37" classes="1" methods="6" coveredmethods="6" conditionals="0" coveredconditionals="0" statements="10" coveredstatements="10" elements="16" coveredelements="16"/>
    </file>
    <file name="/srv/git/gignite/modules/vendor/the-cure/classes/mapper.php">
      <class name="Mapper" namespace="global">
        <metrics methods="13" coveredmethods="0" conditionals="0" coveredconditionals="0" statements="83" coveredstatements="0" elements="96" coveredelements="0"/>
      </class>
      <line num="9" type="method" name="__construct" crap="2" count="0"/>
      <line num="11" type="stmt" count="0"/>
      <line num="12" type="stmt" count="0"/>
      <line num="14" type="method" name="identities" crap="6" count="0"/>
      <line num="16" type="stmt" count="0"/>
      <line num="17" type="stmt" count="0"/>
      <line num="18" type="stmt" count="0"/>
      <line num="19" type="stmt" count="0"/>
      <line num="21" type="stmt" count="0"/>
      <line num="24" type="method" name="container" crap="2" count="0"/>
      <line num="26" type="stmt" count="0"/>
      <line num="29" type="method" name="domain_name" crap="2" count="0"/>
      <line num="31" type="stmt" count="0"/>
      <line num="32" type="stmt" count="0"/>
      <line num="33" type="stmt" count="0"/>
      <line num="34" type="stmt" count="0"/>
      <line num="37" type="method" name="collection_name" crap="2" count="0"/>
      <line num="39" type="stmt" count="0"/>
      <line num="40" type="stmt" count="0"/>
      <line num="43" type="method" name="collection" crap="2" count="0"/>
      <line num="45" type="stmt" count="0"/>
      <line num="46" type="stmt" count="0"/>
      <line num="49" type="method" name="model_class" crap="6" count="0"/>
      <line num="51" type="stmt" count="0"/>
      <line num="53" type="stmt" count="0"/>
      <line num="54" type="stmt" count="0"/>
      <line num="55" type="stmt" count="0"/>
      <line num="56" type="stmt" count="0"/>
      <line num="58" type="stmt" count="0"/>
      <line num="61" type="method" name="is_valid_model" crap="2" count="0"/>
      <line num="63" type="stmt" count="0"/>
      <line num="64" type="stmt" count="0"/>
      <line num="67" type="method" name="assert_valid_model" crap="6" count="0"/>
      <line num="69" type="stmt" count="0"/>
      <line num="70" type="stmt" count="0"/>
      <line num="71" type="stmt" count="0"/>
      <line num="72" type="stmt" count="0"/>
      <line num="74" type="stmt" count="0"/>
      <line num="76" type="method" name="create_collection" crap="30" count="0"/>
      <line num="78" type="stmt" count="0"/>
      <line num="79" type="stmt" count="0"/>
      <line num="80" type="stmt" count="0"/>
      <line num="81" type="stmt" count="0"/>
      <line num="82" type="stmt" count="0"/>
      <line num="83" type="stmt" count="0"/>
      <line num="84" type="stmt" count="0"/>
      <line num="86" type="stmt" count="0"/>
      <line num="87" type="stmt" count="0"/>
      <line num="88" type="stmt" count="0"/>
      <line num="91" type="stmt" count="0"/>
      <line num="93" type="stmt" count="0"/>
      <line num="95" type="stmt" count="0"/>
      <line num="96" type="stmt" count="0"/>
      <line num="97" type="stmt" count="0"/>
      <line num="104" type="method" name="create_model" crap="12" count="0"/>
      <line num="106" type="stmt" count="0"/>
      <line num="107" type="stmt" count="0"/>
      <line num="108" type="stmt" count="0"/>
      <line num="109" type="stmt" count="0"/>
      <line num="110" type="stmt" count="0"/>
      <line num="112" type="stmt" count="0"/>
      <line num="114" type="stmt" count="0"/>
      <line num="115" type="stmt" count="0"/>
      <line num="117" type="stmt" count="0"/>
      <line num="120" type="stmt" count="0"/>
      <line num="122" type="stmt" count="0"/>
      <line num="123" type="stmt" count="0"/>
      <line num="126" type="stmt" count="0"/>
      <line num="129" type="method" name="save_model" crap="6" count="0"/>
      <line num="131" type="stmt" count="0"/>
      <line num="133" type="stmt" count="0"/>
      <line num="134" type="stmt" count="0"/>
      <line num="136" type="stmt" count="0"/>
      <line num="138" type="stmt" count="0"/>
      <line num="139" type="stmt" count="0"/>
      <line num="140" type="stmt" count="0"/>
      <line num="141" type="stmt" count="0"/>
      <line num="142" type="stmt" count="0"/>
      <line num="144" type="method" name="delete_model" crap="30" count="0"/>
      <line num="146" type="stmt" count="0"/>
      <line num="148" type="stmt" count="0"/>
      <line num="149" type="stmt" count="0"/>
      <line num="150" type="stmt" count="0"/>
      <line num="151" type="stmt" count="0"/>
      <line num="152" type="stmt" count="0"/>
      <line num="154" type="stmt" count="0"/>
      <line num="156" type="stmt" count="0"/>
      <line num="157" type="stmt" count="0"/>
      <line num="159" type="stmt" count="0"/>
      <line num="163" type="stmt" count="0"/>
      <line num="166" type="stmt" count="0"/>
      <line num="168" type="stmt" count="0"/>
      <line num="169" type="stmt" count="0"/>
      <line num="170" type="stmt" count="0"/>
      <line num="171" type="stmt" count="0"/>
      <line num="172" type="stmt" count="0"/>
      <line num="174" type="stmt" count="0"/>
      <metrics loc="173" ncloc="167" classes="1" methods="13" coveredmethods="0" conditionals="0" coveredconditionals="0" statements="83" coveredstatements="0" elements="96" coveredelements="0"/>
    </file>
    <file name="/srv/git/gignite/modules/vendor/the-cure/classes/mapper/mongo.php">
      <class name="Mapper_Mongo" namespace="global" fullPackage="Mapper">
        <metrics methods="6" coveredmethods="0" conditionals="0" coveredconditionals="0" statements="26" coveredstatements="0" elements="32" coveredelements="0"/>
      </class>
      <line num="5" type="method" name="query_options" crap="2" count="0"/>
      <line num="7" type="stmt" count="0"/>
      <line num="10" type="method" name="find" crap="2" count="0"/>
      <line num="12" type="stmt" count="0"/>
      <line num="14" type="stmt" count="0"/>
      <line num="16" type="stmt" count="0"/>
      <line num="17" type="stmt" count="0"/>
      <line num="20" type="method" name="find_one" crap="2" count="0"/>
      <line num="22" type="stmt" count="0"/>
      <line num="24" type="stmt" count="0"/>
      <line num="26" type="stmt" count="0"/>
      <line num="27" type="stmt" count="0"/>
      <line num="30" type="method" name="save" crap="6" count="0"/>
      <line num="32" type="stmt" count="0"/>
      <line num="34" type="stmt" count="0"/>
      <line num="36" type="stmt" count="0"/>
      <line num="37" type="stmt" count="0"/>
      <line num="38" type="stmt" count="0"/>
      <line num="39" type="stmt" count="0"/>
      <line num="42" type="stmt" count="0"/>
      <line num="44" type="stmt" count="0"/>
      <line num="45" type="stmt" count="0"/>
      <line num="47" type="method" name="delete" crap="2" count="0"/>
      <line num="49" type="stmt" count="0"/>
      <line num="51" type="stmt" count="0"/>
      <line num="53" type="stmt" count="0"/>
      <line num="54" type="stmt" count="0"/>
      <line num="55" type="stmt" count="0"/>
      <line num="57" type="stmt" count="0"/>
      <metrics loc="56" ncloc="56" classes="1" methods="6" coveredmethods="0" conditionals="0" coveredconditionals="0" statements="23" coveredstatements="0" elements="29" coveredelements="0"/>
    </file>
    <file name="/srv/git/gignite/modules/vendor/the-cure/classes/mapperactions.php">
      <line num="3" type="stmt" count="0"/>
      <line num="13" type="stmt" count="0"/>
      <metrics loc="12" ncloc="12" classes="0" methods="0" coveredmethods="0" conditionals="0" coveredconditionals="0" statements="1" coveredstatements="0" elements="1" coveredelements="0"/>
    </file>
    <file name="/srv/git/gignite/modules/vendor/the-cure/classes/mappercontainer.php">
      <class name="MapperContainer" namespace="global">
        <metrics methods="6" coveredmethods="0" conditionals="0" coveredconditionals="0" statements="25" coveredstatements="0" elements="31" coveredelements="0"/>
      </class>
      <line num="9" type="method" name="__constuct" crap="2" count="0"/>
      <line num="11" type="stmt" count="0"/>
      <line num="12" type="stmt" count="0"/>
      <line num="14" type="method" name="type" crap="2" count="0"/>
      <line num="16" type="stmt" count="0"/>
      <line num="19" type="method" name="config" crap="12" count="0"/>
      <line num="21" type="stmt" count="0"/>
      <line num="23" type="stmt" count="0"/>
      <line num="24" type="stmt" count="0"/>
      <line num="25" type="stmt" count="0"/>
      <line num="26" type="stmt" count="0"/>
      <line num="28" type="stmt" count="0"/>
      <line num="29" type="stmt" count="0"/>
      <line num="30" type="stmt" count="0"/>
      <line num="33" type="stmt" count="0"/>
      <line num="36" type="method" name="connection" crap="6" count="0"/>
      <line num="38" type="stmt" count="0"/>
      <line num="39" type="stmt" count="0"/>
      <line num="40" type="stmt" count="0"/>
      <line num="41" type="stmt" count="0"/>
      <line num="42" type="stmt" count="0"/>
      <line num="44" type="stmt" count="0"/>
      <line num="47" type="method" name="get_mapper_class" crap="2" count="0"/>
      <line num="49" type="stmt" count="0"/>
      <line num="52" type="method" name="mapper" crap="6" count="0"/>
      <line num="54" type="stmt" count="0"/>
      <line num="56" type="stmt" count="0"/>
      <line num="57" type="stmt" count="0"/>
      <line num="58" type="stmt" count="0"/>
      <line num="59" type="stmt" count="0"/>
      <line num="61" type="stmt" count="0"/>
      <line num="64" type="stmt" count="0"/>
      <metrics loc="63" ncloc="63" classes="1" methods="6" coveredmethods="0" conditionals="0" coveredconditionals="0" statements="25" coveredstatements="0" elements="31" coveredelements="0"/>
    </file>
    <file name="/srv/git/gignite/modules/vendor/the-cure/classes/model.php">
      <class name="Model" namespace="global">
        <metrics methods="1" coveredmethods="1" conditionals="0" coveredconditionals="0" statements="9" coveredstatements="9" elements="10" coveredelements="10"/>
      </class>
      <line num="7" type="method" name="__object" crap="3" count="8"/>
      <line num="9" type="stmt" count="8"/>
      <line num="10" type="stmt" count="8"/>
      <line num="11" type="stmt" count="5"/>
      <line num="12" type="stmt" count="5"/>
      <line num="13" type="stmt" count="1"/>
      <line num="14" type="stmt" count="1"/>
      <line num="16" type="stmt" count="5"/>
      <line num="19" type="stmt" count="7"/>
      <line num="20" type="stmt" count="7"/>
      <metrics loc="21" ncloc="21" classes="1" methods="1" coveredmethods="1" conditionals="0" coveredconditionals="0" statements="9" coveredstatements="9" elements="10" coveredelements="10"/>
    </file>
    <metrics files="11" loc="578" ncloc="518" classes="9" methods="54" coveredmethods="26" conditionals="0" coveredconditionals="0" statements="199" coveredstatements="57" elements="253" coveredelements="83"/>
  </project>
</coverage>
